<?xml version="1.0" encoding="UTF-8"?>
<testng-results ignored="0" total="1" passed="1" failed="0" skipped="0">
  <reporter-output>
  </reporter-output>
  <suite started-at="2025-06-10T19:04:10 IST" name="Default suite" finished-at="2025-06-10T19:04:14 IST" duration-ms="3333">
    <groups>
    </groups>
    <test started-at="2025-06-10T19:04:10 IST" name="Default test" finished-at="2025-06-10T19:04:14 IST" duration-ms="3333">
      <class name="StaticJson">
        <test-method signature="addBook()[pri:0, instance:StaticJson@29626d54]" started-at="2025-06-10T19:04:10 IST" name="addBook" finished-at="2025-06-10T19:04:14 IST" duration-ms="3266" status="PASS">
          <reporter-output>
          </reporter-output>
        </test-method> <!-- addBook -->
      </class> <!-- StaticJson -->
    </test> <!-- Default test -->
  </suite> <!-- Default suite -->
</testng-results>
