<?xml version="1.0" encoding="UTF-8"?>
<!-- Generated by org.testng.reporters.JUnitReportReporter -->
<testsuite hostname="LAPTOP-FKOSBAAH" failures="0" tests="3" name="DynamicJson" time="3.531" errors="0" timestamp="2025-06-10T18:56:30 IST" skipped="0">
  <testcase classname="DynamicJson" name="addBook" time="0.110"/>
  <system-out/>
  <testcase classname="DynamicJson" name="addBook" time="0.127"/>
  <system-out/>
  <testcase classname="DynamicJson" name="addBook" time="3.294"/>
  <system-out/>
</testsuite> <!-- DynamicJson -->
